2021-05-18 16:05:42||select * from opcion
2021-05-18 16:05:42||select usu_id as valor from usuario where usu_login = '' and usu_clave = md5('')
2021-05-18 16:05:42||select o.*,p.pxo_nivel
				from opcion o
				inner join perfil_x_opcion p on p.opc_id = o.opc_id
				inner join usuario u on p.per_id = u.per_id
				where u.usu_id = -1
				and o.opn_id in(0,1)
				order by o.opc_orden
2021-05-18 16:05:42||select max(date_in) as valor from usuario_sec where usu_id = -1
2021-05-18 16:05:42||select pxo_nivel as valor from perfil_x_opcion p
					inner join opcion o on o.opc_id = p.opc_id
					inner join usuario u on p.per_id = u.per_id where u.usu_id = -1 and o.opc_variable = 'cerrar'
2021-05-18 16:05:53||select * from opcion
2021-05-18 16:05:53|admin|select usu_id as valor from usuario where usu_login = 'admin' and usu_clave = md5('admin')
2021-05-18 16:05:53|admin|select o.*,p.pxo_nivel
				from opcion o
				inner join perfil_x_opcion p on p.opc_id = o.opc_id
				inner join usuario u on p.per_id = u.per_id
				where u.usu_id = 1
				and o.opn_id in(0,1)
				order by o.opc_orden
2021-05-18 16:05:53|admin|select max(date_in) as valor from usuario_sec where usu_id = 1
2021-05-18 16:05:53|admin|select usu_nombre as valor from usuario where usu_id = 1
2021-05-18 16:05:53|admin|select usu_apellido as valor from usuario where usu_id = 1
2021-05-18 16:05:53|admin|select * from usuario_sec where usu_id= 1
2021-05-18 16:05:53|admin|select opn_id as valor from opcion where opc_variable = 'home'
2021-05-18 16:05:53|admin|select o.*,p.pxo_nivel
                                    from opcion o
                                    inner join perfil_x_opcion p on p.opc_id = o.opc_id
                                    inner join usuario u on p.per_id = u.per_id
                                    where u.usu_id = 1
                            and o.opc_padre_id = (select opc_id from opcion where opc_variable = 'home' and opn_id=1 and ope_id =)
                                    and o.opn_id in(2)
                                    order by o.opc_orden|You have an error in your SQL syntax; check the manual that corresponds to your MariaDB server version for the right syntax to use near ')
                                    and o.opn_id in(2)
                  ...' at line 6
2021-05-18 16:05:53|admin|select usu_fecha_ultimo_ingreso as valor from usuario where usu_id = 1
2021-05-18 16:05:53|admin|select pxo_nivel as valor from perfil_x_opcion p
					inner join opcion o on o.opc_id = p.opc_id
					inner join usuario u on p.per_id = u.per_id where u.usu_id = 1 and o.opc_variable = 'home'
2021-05-18 16:05:53|admin|update usuario set usu_fecha_ultimo_ingreso = '2021-05-18' where usu_id = 1
2021-05-18 16:06:08|admin|select * from opcion
2021-05-18 16:06:08|admin|select usu_id as valor from usuario where usu_login = 'admin' and usu_clave = md5('admin')
2021-05-18 16:06:08|admin|select o.*,p.pxo_nivel
				from opcion o
				inner join perfil_x_opcion p on p.opc_id = o.opc_id
				inner join usuario u on p.per_id = u.per_id
				where u.usu_id = 1
				and o.opn_id in(0,1)
				order by o.opc_orden
2021-05-18 16:06:08|admin|select max(date_in) as valor from usuario_sec where usu_id = 1
2021-05-18 16:06:08|admin|select usu_nombre as valor from usuario where usu_id = 1
2021-05-18 16:06:08|admin|select usu_apellido as valor from usuario where usu_id = 1
2021-05-18 16:06:08|admin|select * from usuario_sec where usu_id= 1
2021-05-18 16:06:08|admin|select opn_id as valor from opcion where opc_variable = 'usuarios'
2021-05-18 16:06:08|admin|select o.*,p.pxo_nivel
                                    from opcion o
                                    inner join perfil_x_opcion p on p.opc_id = o.opc_id
                                    inner join usuario u on p.per_id = u.per_id
                                    where u.usu_id = 1
                            and o.opc_padre_id = (select opc_id from opcion where opc_variable = 'usuarios' and opn_id=1 and ope_id =1)
                                    and o.opn_id in(2)
                                    order by o.opc_orden
2021-05-18 16:06:08|admin|select opn_id as valor from opcion where opc_variable = 'usuarios'
2021-05-18 16:06:08|admin|select o.*,p.pxo_nivel
                                    from opcion o
                                    inner join perfil_x_opcion p on p.opc_id = o.opc_id
                                    inner join usuario u on p.per_id = u.per_id
                                    where u.usu_id = 1
                            and o.opc_padre_id = (select opc_id from opcion where opc_variable = 'usuarios' and opn_id=1 and ope_id =1)
                                    and o.opn_id in(2)
                                    order by o.opc_orden
2021-05-18 16:06:08|admin|select usu_fecha_ultimo_ingreso as valor from usuario where usu_id = 1
2021-05-18 16:06:08|admin|select pxo_nivel as valor from perfil_x_opcion p
					inner join opcion o on o.opc_id = p.opc_id
					inner join usuario u on p.per_id = u.per_id where u.usu_id = 1 and o.opc_variable = 'usuarios'
2021-05-18 16:06:08|admin|select * from usuario u, perfil p where p.per_id=u.per_id and 1 order by usu_login
2021-05-18 16:06:15|admin|select * from opcion
2021-05-18 16:06:15|admin|select usu_id as valor from usuario where usu_login = 'admin' and usu_clave = md5('admin')
2021-05-18 16:06:15|admin|select o.*,p.pxo_nivel
				from opcion o
				inner join perfil_x_opcion p on p.opc_id = o.opc_id
				inner join usuario u on p.per_id = u.per_id
				where u.usu_id = 1
				and o.opn_id in(0,1)
				order by o.opc_orden
2021-05-18 16:06:15|admin|select max(date_in) as valor from usuario_sec where usu_id = 1
2021-05-18 16:06:15|admin|select usu_nombre as valor from usuario where usu_id = 1
2021-05-18 16:06:15|admin|select usu_apellido as valor from usuario where usu_id = 1
2021-05-18 16:06:15|admin|select * from usuario_sec where usu_id= 1
2021-05-18 16:06:15|admin|select opn_id as valor from opcion where opc_variable = 'opciones'
2021-05-18 16:06:15|admin|select o.*,p.pxo_nivel
                                    from opcion o
                                    inner join perfil_x_opcion p on p.opc_id = o.opc_id
                                    inner join usuario u on p.per_id = u.per_id
                                    where u.usu_id = 1
                            and o.opc_padre_id = (select opc_id from opcion where opc_variable = 'opciones' and opn_id=1 and ope_id =1)
                                    and o.opn_id in(2)
                                    order by o.opc_orden
2021-05-18 16:06:15|admin|select opn_id as valor from opcion where opc_variable = 'opciones'
2021-05-18 16:06:15|admin|select o.*,p.pxo_nivel
                                    from opcion o
                                    inner join perfil_x_opcion p on p.opc_id = o.opc_id
                                    inner join usuario u on p.per_id = u.per_id
                                    where u.usu_id = 1
                            and o.opc_padre_id = (select opc_id from opcion where opc_variable = 'opciones' and opn_id=1 and ope_id =1)
                                    and o.opn_id in(2)
                                    order by o.opc_orden
2021-05-18 16:06:15|admin|select usu_fecha_ultimo_ingreso as valor from usuario where usu_id = 1
2021-05-18 16:06:15|admin|select pxo_nivel as valor from perfil_x_opcion p
					inner join opcion o on o.opc_id = p.opc_id
					inner join usuario u on p.per_id = u.per_id where u.usu_id = 1 and o.opc_variable = 'opciones'
2021-05-18 16:06:15|admin|SELECT opc1.* , op.ope_nombre , opc2.opc_nombre as padre , opn_nombre  AS nivel
                        FROM opcion AS opc1  LEFT JOIN
                                 operador op ON op.ope_id = opc1.ope_id LEFT JOIN
                                 opcion AS opc2 ON opc1.opc_padre_id = opc2.opc_id LEFT JOIN
                                 opcion_nivel AS nivel ON nivel.opn_id = opc1.opn_id
                        WHERE 1 ORDER BY  opc_orden
2021-05-18 16:06:50|admin|select * from opcion
2021-05-18 16:06:50|admin|select usu_id as valor from usuario where usu_login = 'admin' and usu_clave = md5('admin')
2021-05-18 16:06:50|admin|select o.*,p.pxo_nivel
				from opcion o
				inner join perfil_x_opcion p on p.opc_id = o.opc_id
				inner join usuario u on p.per_id = u.per_id
				where u.usu_id = 1
				and o.opn_id in(0,1)
				order by o.opc_orden
2021-05-18 16:06:50|admin|select max(date_in) as valor from usuario_sec where usu_id = 1
2021-05-18 16:06:50|admin|select usu_nombre as valor from usuario where usu_id = 1
2021-05-18 16:06:50|admin|select usu_apellido as valor from usuario where usu_id = 1
2021-05-18 16:06:50|admin|select * from usuario_sec where usu_id= 1
2021-05-18 16:06:50|admin|select opn_id as valor from opcion where opc_variable = 'documentos'
2021-05-18 16:06:50|admin|select o.*,p.pxo_nivel
                                    from opcion o
                                    inner join perfil_x_opcion p on p.opc_id = o.opc_id
                                    inner join usuario u on p.per_id = u.per_id
                                    where u.usu_id = 1
                            and o.opc_padre_id = (select opc_id from opcion where opc_variable = 'documentos' and opn_id=1 and ope_id =1)
                                    and o.opn_id in(2)
                                    order by o.opc_orden
2021-05-18 16:06:50|admin|select opn_id as valor from opcion where opc_variable = 'documentos'
2021-05-18 16:06:50|admin|select o.*,p.pxo_nivel
                                    from opcion o
                                    inner join perfil_x_opcion p on p.opc_id = o.opc_id
                                    inner join usuario u on p.per_id = u.per_id
                                    where u.usu_id = 1
                            and o.opc_padre_id = (select opc_id from opcion where opc_variable = 'documentos' and opn_id=1 and ope_id =1)
                                    and o.opn_id in(2)
                                    order by o.opc_orden
2021-05-18 16:06:50|admin|select usu_fecha_ultimo_ingreso as valor from usuario where usu_id = 1
2021-05-18 16:06:50|admin|select pxo_nivel as valor from perfil_x_opcion p
					inner join opcion o on o.opc_id = p.opc_id
					inner join usuario u on p.per_id = u.per_id where u.usu_id = 1 and o.opc_variable = 'documentos'
2021-05-18 16:06:50|admin|select * from documento_tipo where 1 and dti_id < 99 order by dti_nombre
2021-05-18 16:06:50|admin|select * from documento_estado where doe_id > 0 and 1 order by doe_id
2021-05-18 16:06:50|admin|select ope_sigla as valor from operador where ope_id = 1
2021-05-18 16:07:03|admin|select * from opcion
2021-05-18 16:07:03|admin|select usu_id as valor from usuario where usu_login = 'admin' and usu_clave = md5('admin')
2021-05-18 16:07:03|admin|select o.*,p.pxo_nivel
				from opcion o
				inner join perfil_x_opcion p on p.opc_id = o.opc_id
				inner join usuario u on p.per_id = u.per_id
				where u.usu_id = 1
				and o.opn_id in(0,1)
				order by o.opc_orden
2021-05-18 16:07:03|admin|select max(date_in) as valor from usuario_sec where usu_id = 1
2021-05-18 16:07:03|admin|select usu_nombre as valor from usuario where usu_id = 1
2021-05-18 16:07:03|admin|select usu_apellido as valor from usuario where usu_id = 1
2021-05-18 16:07:03|admin|select * from usuario_sec where usu_id= 1
2021-05-18 16:07:03|admin|select opn_id as valor from opcion where opc_variable = 'documentos'
2021-05-18 16:07:03|admin|select o.*,p.pxo_nivel
                                    from opcion o
                                    inner join perfil_x_opcion p on p.opc_id = o.opc_id
                                    inner join usuario u on p.per_id = u.per_id
                                    where u.usu_id = 1
                            and o.opc_padre_id = (select opc_id from opcion where opc_variable = 'documentos' and opn_id=1 and ope_id =1)
                                    and o.opn_id in(2)
                                    order by o.opc_orden
2021-05-18 16:07:03|admin|select opn_id as valor from opcion where opc_variable = 'documentos'
2021-05-18 16:07:03|admin|select o.*,p.pxo_nivel
                                    from opcion o
                                    inner join perfil_x_opcion p on p.opc_id = o.opc_id
                                    inner join usuario u on p.per_id = u.per_id
                                    where u.usu_id = 1
                            and o.opc_padre_id = (select opc_id from opcion where opc_variable = 'documentos' and opn_id=1 and ope_id =1)
                                    and o.opn_id in(2)
                                    order by o.opc_orden
2021-05-18 16:07:03|admin|select usu_fecha_ultimo_ingreso as valor from usuario where usu_id = 1
2021-05-18 16:07:03|admin|select pxo_nivel as valor from perfil_x_opcion p
					inner join opcion o on o.opc_id = p.opc_id
					inner join usuario u on p.per_id = u.per_id where u.usu_id = 1 and o.opc_variable = 'documentos&task=add'
2021-05-18 16:07:03|admin|select * from documento_tipo where 1 order by dti_nombre
2021-05-18 16:07:03|admin|select * from documento_tema where dot_id <> 4 and dti_id =  order by dot_nombre|You have an error in your SQL syntax; check the manual that corresponds to your MariaDB server version for the right syntax to use near 'order by dot_nombre' at line 1
2021-05-18 16:07:03|admin|select * from documento_subtema where dot_id =  order by dos_nombre|You have an error in your SQL syntax; check the manual that corresponds to your MariaDB server version for the right syntax to use near 'order by dos_nombre' at line 1
2021-05-18 16:07:03|admin|select * from documento_estado where doe_id > 0 and 1 order by doe_id
2021-05-18 16:07:12|admin|select * from opcion
2021-05-18 16:07:12|admin|select usu_id as valor from usuario where usu_login = 'admin' and usu_clave = md5('admin')
2021-05-18 16:07:12|admin|select o.*,p.pxo_nivel
				from opcion o
				inner join perfil_x_opcion p on p.opc_id = o.opc_id
				inner join usuario u on p.per_id = u.per_id
				where u.usu_id = 1
				and o.opn_id in(0,1)
				order by o.opc_orden
2021-05-18 16:07:12|admin|select max(date_in) as valor from usuario_sec where usu_id = 1
2021-05-18 16:07:12|admin|select usu_nombre as valor from usuario where usu_id = 1
2021-05-18 16:07:12|admin|select usu_apellido as valor from usuario where usu_id = 1
2021-05-18 16:07:12|admin|select * from usuario_sec where usu_id= 1
2021-05-18 16:07:12|admin|select opn_id as valor from opcion where opc_variable = 'documentos'
2021-05-18 16:07:12|admin|select o.*,p.pxo_nivel
                                    from opcion o
                                    inner join perfil_x_opcion p on p.opc_id = o.opc_id
                                    inner join usuario u on p.per_id = u.per_id
                                    where u.usu_id = 1
                            and o.opc_padre_id = (select opc_id from opcion where opc_variable = 'documentos' and opn_id=1 and ope_id =1)
                                    and o.opn_id in(2)
                                    order by o.opc_orden
2021-05-18 16:07:12|admin|select opn_id as valor from opcion where opc_variable = 'documentos'
2021-05-18 16:07:12|admin|select o.*,p.pxo_nivel
                                    from opcion o
                                    inner join perfil_x_opcion p on p.opc_id = o.opc_id
                                    inner join usuario u on p.per_id = u.per_id
                                    where u.usu_id = 1
                            and o.opc_padre_id = (select opc_id from opcion where opc_variable = 'documentos' and opn_id=1 and ope_id =1)
                                    and o.opn_id in(2)
                                    order by o.opc_orden
2021-05-18 16:07:12|admin|select usu_fecha_ultimo_ingreso as valor from usuario where usu_id = 1
2021-05-18 16:07:12|admin|select pxo_nivel as valor from perfil_x_opcion p
					inner join opcion o on o.opc_id = p.opc_id
					inner join usuario u on p.per_id = u.per_id where u.usu_id = 1 and o.opc_variable = 'documentos&task=add'
2021-05-18 16:07:12|admin|select * from documento_tipo where 1 order by dti_nombre
2021-05-18 16:07:12|admin|select * from documento_tema where dot_id <> 4 and dti_id = 1 order by dot_nombre
2021-05-18 16:07:12|admin|select * from documento_subtema where dot_id = -1 order by dos_nombre
2021-05-18 16:07:12|admin|select * from documento_estado where doe_id > 0 and 1 order by doe_id
2021-05-18 16:07:17|admin|select * from opcion
2021-05-18 16:07:17|admin|select usu_id as valor from usuario where usu_login = 'admin' and usu_clave = md5('admin')
2021-05-18 16:07:17|admin|select o.*,p.pxo_nivel
				from opcion o
				inner join perfil_x_opcion p on p.opc_id = o.opc_id
				inner join usuario u on p.per_id = u.per_id
				where u.usu_id = 1
				and o.opn_id in(0,1)
				order by o.opc_orden
2021-05-18 16:07:17|admin|select max(date_in) as valor from usuario_sec where usu_id = 1
2021-05-18 16:07:17|admin|select usu_nombre as valor from usuario where usu_id = 1
2021-05-18 16:07:17|admin|select usu_apellido as valor from usuario where usu_id = 1
2021-05-18 16:07:17|admin|select * from usuario_sec where usu_id= 1
2021-05-18 16:07:17|admin|select opn_id as valor from opcion where opc_variable = 'documentos'
2021-05-18 16:07:17|admin|select o.*,p.pxo_nivel
                                    from opcion o
                                    inner join perfil_x_opcion p on p.opc_id = o.opc_id
                                    inner join usuario u on p.per_id = u.per_id
                                    where u.usu_id = 1
                            and o.opc_padre_id = (select opc_id from opcion where opc_variable = 'documentos' and opn_id=1 and ope_id =1)
                                    and o.opn_id in(2)
                                    order by o.opc_orden
2021-05-18 16:07:17|admin|select opn_id as valor from opcion where opc_variable = 'documentos'
2021-05-18 16:07:17|admin|select o.*,p.pxo_nivel
                                    from opcion o
                                    inner join perfil_x_opcion p on p.opc_id = o.opc_id
                                    inner join usuario u on p.per_id = u.per_id
                                    where u.usu_id = 1
                            and o.opc_padre_id = (select opc_id from opcion where opc_variable = 'documentos' and opn_id=1 and ope_id =1)
                                    and o.opn_id in(2)
                                    order by o.opc_orden
2021-05-18 16:07:17|admin|select usu_fecha_ultimo_ingreso as valor from usuario where usu_id = 1
2021-05-18 16:07:17|admin|select pxo_nivel as valor from perfil_x_opcion p
					inner join opcion o on o.opc_id = p.opc_id
					inner join usuario u on p.per_id = u.per_id where u.usu_id = 1 and o.opc_variable = 'documentos&task=add'
2021-05-18 16:07:17|admin|select * from documento_tipo where 1 order by dti_nombre
2021-05-18 16:07:17|admin|select * from documento_tema where dot_id <> 4 and dti_id = 1 order by dot_nombre
2021-05-18 16:07:17|admin|select * from documento_subtema where dot_id = 17 order by dos_nombre
2021-05-18 16:07:17|admin|select * from documento_estado where doe_id > 0 and 1 order by doe_id
2021-05-18 16:07:22|admin|select * from opcion
2021-05-18 16:07:22|admin|select usu_id as valor from usuario where usu_login = 'admin' and usu_clave = md5('admin')
2021-05-18 16:07:22|admin|select o.*,p.pxo_nivel
				from opcion o
				inner join perfil_x_opcion p on p.opc_id = o.opc_id
				inner join usuario u on p.per_id = u.per_id
				where u.usu_id = 1
				and o.opn_id in(0,1)
				order by o.opc_orden
2021-05-18 16:07:22|admin|select max(date_in) as valor from usuario_sec where usu_id = 1
2021-05-18 16:07:22|admin|select usu_nombre as valor from usuario where usu_id = 1
2021-05-18 16:07:22|admin|select usu_apellido as valor from usuario where usu_id = 1
2021-05-18 16:07:22|admin|select * from usuario_sec where usu_id= 1
2021-05-18 16:07:22|admin|select opn_id as valor from opcion where opc_variable = 'documentos'
2021-05-18 16:07:22|admin|select o.*,p.pxo_nivel
                                    from opcion o
                                    inner join perfil_x_opcion p on p.opc_id = o.opc_id
                                    inner join usuario u on p.per_id = u.per_id
                                    where u.usu_id = 1
                            and o.opc_padre_id = (select opc_id from opcion where opc_variable = 'documentos' and opn_id=1 and ope_id =1)
                                    and o.opn_id in(2)
                                    order by o.opc_orden
2021-05-18 16:07:22|admin|select opn_id as valor from opcion where opc_variable = 'documentos'
2021-05-18 16:07:22|admin|select o.*,p.pxo_nivel
                                    from opcion o
                                    inner join perfil_x_opcion p on p.opc_id = o.opc_id
                                    inner join usuario u on p.per_id = u.per_id
                                    where u.usu_id = 1
                            and o.opc_padre_id = (select opc_id from opcion where opc_variable = 'documentos' and opn_id=1 and ope_id =1)
                                    and o.opn_id in(2)
                                    order by o.opc_orden
2021-05-18 16:07:22|admin|select usu_fecha_ultimo_ingreso as valor from usuario where usu_id = 1
2021-05-18 16:07:22|admin|select pxo_nivel as valor from perfil_x_opcion p
					inner join opcion o on o.opc_id = p.opc_id
					inner join usuario u on p.per_id = u.per_id where u.usu_id = 1 and o.opc_variable = 'documentos&task=add'
2021-05-18 16:07:22|admin|select * from documento_tipo where 1 order by dti_nombre
2021-05-18 16:07:22|admin|select * from documento_tema where dot_id <> 4 and dti_id = 1 order by dot_nombre
2021-05-18 16:07:22|admin|select * from documento_subtema where dot_id = 17 order by dos_nombre
2021-05-18 16:07:22|admin|select * from documento_estado where doe_id > 0 and 1 order by doe_id
2021-05-18 16:08:07|admin|select * from opcion
2021-05-18 16:08:07|admin|select usu_id as valor from usuario where usu_login = 'admin' and usu_clave = md5('admin')
2021-05-18 16:08:07|admin|select o.*,p.pxo_nivel
				from opcion o
				inner join perfil_x_opcion p on p.opc_id = o.opc_id
				inner join usuario u on p.per_id = u.per_id
				where u.usu_id = 1
				and o.opn_id in(0,1)
				order by o.opc_orden
2021-05-18 16:08:07|admin|select max(date_in) as valor from usuario_sec where usu_id = 1
2021-05-18 16:08:07|admin|select usu_nombre as valor from usuario where usu_id = 1
2021-05-18 16:08:07|admin|select usu_apellido as valor from usuario where usu_id = 1
2021-05-18 16:08:07|admin|select * from usuario_sec where usu_id= 1
2021-05-18 16:08:07|admin|select opn_id as valor from opcion where opc_variable = 'documentos'
2021-05-18 16:08:07|admin|select o.*,p.pxo_nivel
                                    from opcion o
                                    inner join perfil_x_opcion p on p.opc_id = o.opc_id
                                    inner join usuario u on p.per_id = u.per_id
                                    where u.usu_id = 1
                            and o.opc_padre_id = (select opc_id from opcion where opc_variable = 'documentos' and opn_id=1 and ope_id =1)
                                    and o.opn_id in(2)
                                    order by o.opc_orden
2021-05-18 16:08:07|admin|select opn_id as valor from opcion where opc_variable = 'documentos'
2021-05-18 16:08:07|admin|select o.*,p.pxo_nivel
                                    from opcion o
                                    inner join perfil_x_opcion p on p.opc_id = o.opc_id
                                    inner join usuario u on p.per_id = u.per_id
                                    where u.usu_id = 1
                            and o.opc_padre_id = (select opc_id from opcion where opc_variable = 'documentos' and opn_id=1 and ope_id =1)
                                    and o.opn_id in(2)
                                    order by o.opc_orden
2021-05-18 16:08:07|admin|select usu_fecha_ultimo_ingreso as valor from usuario where usu_id = 1
2021-05-18 16:08:07|admin|select pxo_nivel as valor from perfil_x_opcion p
					inner join opcion o on o.opc_id = p.opc_id
					inner join usuario u on p.per_id = u.per_id where u.usu_id = 1 and o.opc_variable = 'documentos&task=saveAdd'
2021-05-18 16:08:07|admin|select dti_nombre as valor from documento_tipo where dti_id = 1
2021-05-18 16:08:07|admin|select dot_nombre as valor from documento_tema where dot_id = 17
2021-05-18 16:08:07|admin|select dos_nombre as valor from documento_subtema where dos_id = 55
2021-05-18 16:08:07|admin|select ope_sigla as valor from operador where ope_id = 1
2021-05-18 16:08:07|admin|insert into `documento`(dti_id,dot_id,dos_id,doc_fecha,
				   doc_descripcion,doc_archivo,doc_version,doe_id,ope_id)values('1','17','55',
					'2021-05-18','sdflkgjlsdjfglksjdf','ActaMeritoria.pdf','1','1','1')
2021-05-18 16:08:10|admin|select * from opcion
2021-05-18 16:08:10|admin|select usu_id as valor from usuario where usu_login = 'admin' and usu_clave = md5('admin')
2021-05-18 16:08:10|admin|select o.*,p.pxo_nivel
				from opcion o
				inner join perfil_x_opcion p on p.opc_id = o.opc_id
				inner join usuario u on p.per_id = u.per_id
				where u.usu_id = 1
				and o.opn_id in(0,1)
				order by o.opc_orden
2021-05-18 16:08:10|admin|select max(date_in) as valor from usuario_sec where usu_id = 1
2021-05-18 16:08:10|admin|select usu_nombre as valor from usuario where usu_id = 1
2021-05-18 16:08:10|admin|select usu_apellido as valor from usuario where usu_id = 1
2021-05-18 16:08:10|admin|select * from usuario_sec where usu_id= 1
2021-05-18 16:08:10|admin|select opn_id as valor from opcion where opc_variable = 'documentos'
2021-05-18 16:08:10|admin|select o.*,p.pxo_nivel
                                    from opcion o
                                    inner join perfil_x_opcion p on p.opc_id = o.opc_id
                                    inner join usuario u on p.per_id = u.per_id
                                    where u.usu_id = 1
                            and o.opc_padre_id = (select opc_id from opcion where opc_variable = 'documentos' and opn_id=1 and ope_id =1)
                                    and o.opn_id in(2)
                                    order by o.opc_orden
2021-05-18 16:08:10|admin|select opn_id as valor from opcion where opc_variable = 'documentos'
2021-05-18 16:08:10|admin|select o.*,p.pxo_nivel
                                    from opcion o
                                    inner join perfil_x_opcion p on p.opc_id = o.opc_id
                                    inner join usuario u on p.per_id = u.per_id
                                    where u.usu_id = 1
                            and o.opc_padre_id = (select opc_id from opcion where opc_variable = 'documentos' and opn_id=1 and ope_id =1)
                                    and o.opn_id in(2)
                                    order by o.opc_orden
2021-05-18 16:08:10|admin|select usu_fecha_ultimo_ingreso as valor from usuario where usu_id = 1
2021-05-18 16:08:10|admin|select pxo_nivel as valor from perfil_x_opcion p
					inner join opcion o on o.opc_id = p.opc_id
					inner join usuario u on p.per_id = u.per_id where u.usu_id = 1 and o.opc_variable = 'documentos&task=list'
2021-05-18 16:08:10|admin|select * from documento_tipo where 1 and dti_id < 99 order by dti_nombre
2021-05-18 16:08:10|admin|select * from documento_tema where dot_id <> 4 and dti_id =  order by dot_nombre|You have an error in your SQL syntax; check the manual that corresponds to your MariaDB server version for the right syntax to use near 'order by dot_nombre' at line 1
2021-05-18 16:08:10|admin|select * from documento_subtema where dot_id =  order by dos_nombre|You have an error in your SQL syntax; check the manual that corresponds to your MariaDB server version for the right syntax to use near 'order by dos_nombre' at line 1
2021-05-18 16:08:10|admin|select * from documento_estado where doe_id > 0 and 1 order by doe_id
2021-05-18 16:08:10|admin|select ope_sigla as valor from operador where ope_id = 1
2021-05-18 16:08:15|admin|select * from opcion
2021-05-18 16:08:15|admin|select usu_id as valor from usuario where usu_login = 'admin' and usu_clave = md5('admin')
2021-05-18 16:08:15|admin|select o.*,p.pxo_nivel
				from opcion o
				inner join perfil_x_opcion p on p.opc_id = o.opc_id
				inner join usuario u on p.per_id = u.per_id
				where u.usu_id = 1
				and o.opn_id in(0,1)
				order by o.opc_orden
2021-05-18 16:08:15|admin|select max(date_in) as valor from usuario_sec where usu_id = 1
2021-05-18 16:08:15|admin|select usu_nombre as valor from usuario where usu_id = 1
2021-05-18 16:08:15|admin|select usu_apellido as valor from usuario where usu_id = 1
2021-05-18 16:08:15|admin|select * from usuario_sec where usu_id= 1
2021-05-18 16:08:15|admin|select opn_id as valor from opcion where opc_variable = 'documentos'
2021-05-18 16:08:15|admin|select o.*,p.pxo_nivel
                                    from opcion o
                                    inner join perfil_x_opcion p on p.opc_id = o.opc_id
                                    inner join usuario u on p.per_id = u.per_id
                                    where u.usu_id = 1
                            and o.opc_padre_id = (select opc_id from opcion where opc_variable = 'documentos' and opn_id=1 and ope_id =1)
                                    and o.opn_id in(2)
                                    order by o.opc_orden
2021-05-18 16:08:15|admin|select opn_id as valor from opcion where opc_variable = 'documentos'
2021-05-18 16:08:15|admin|select o.*,p.pxo_nivel
                                    from opcion o
                                    inner join perfil_x_opcion p on p.opc_id = o.opc_id
                                    inner join usuario u on p.per_id = u.per_id
                                    where u.usu_id = 1
                            and o.opc_padre_id = (select opc_id from opcion where opc_variable = 'documentos' and opn_id=1 and ope_id =1)
                                    and o.opn_id in(2)
                                    order by o.opc_orden
2021-05-18 16:08:15|admin|select usu_fecha_ultimo_ingreso as valor from usuario where usu_id = 1
2021-05-18 16:08:15|admin|select pxo_nivel as valor from perfil_x_opcion p
					inner join opcion o on o.opc_id = p.opc_id
					inner join usuario u on p.per_id = u.per_id where u.usu_id = 1 and o.opc_variable = 'documentos&task=list'
2021-05-18 16:08:15|admin|select * from documento_tipo where 1 and dti_id < 99 order by dti_nombre
2021-05-18 16:08:15|admin|select * from documento_tema where dot_id <> 4 and dti_id = 1 order by dot_nombre
2021-05-18 16:08:15|admin|select * from documento_subtema where dot_id = -1 order by dos_nombre
2021-05-18 16:08:15|admin|select * from documento_estado where doe_id > 0 and 1 order by doe_id
2021-05-18 16:08:15|admin|select ope_sigla as valor from operador where ope_id = 1
2021-05-18 16:08:15|admin|select d.doc_id, d.dti_id,
					   d.dot_id, d.dos_id, d.doc_fecha,
					   d.doc_descripcion, d.doc_archivo,
					   d.doc_version,td.dti_nombre,
					   tm.dot_nombre, sd.dos_nombre, ted.doe_nombre
				from documento d
				inner join documento_tipo td on d.dti_id = td.dti_id
				inner join documento_tema tm on d.dot_id = tm.dot_id
				inner join documento_subtema sd on d.dos_id = sd.dos_id
				inner join documento_estado ted on ted.doe_id = d.doe_id
				where  d.dti_id = 1 and d.ope_id=1
				order by doc_fecha
2021-05-18 16:15:55|admin|select * from opcion
2021-05-18 16:15:55|admin|select usu_id as valor from usuario where usu_login = 'admin' and usu_clave = md5('admin')
2021-05-18 16:15:55|admin|select o.*,p.pxo_nivel
				from opcion o
				inner join perfil_x_opcion p on p.opc_id = o.opc_id
				inner join usuario u on p.per_id = u.per_id
				where u.usu_id = 1
				and o.opn_id in(0,1)
				order by o.opc_orden
2021-05-18 16:15:55|admin|select max(date_in) as valor from usuario_sec where usu_id = 1
2021-05-18 16:15:55|admin|select usu_nombre as valor from usuario where usu_id = 1
2021-05-18 16:15:55|admin|select usu_apellido as valor from usuario where usu_id = 1
2021-05-18 16:15:55|admin|select * from usuario_sec where usu_id= 1
2021-05-18 16:15:55|admin|select opn_id as valor from opcion where opc_variable = 'tablas'
2021-05-18 16:15:55|admin|select o.*,p.pxo_nivel
                                    from opcion o
                                    inner join perfil_x_opcion p on p.opc_id = o.opc_id
                                    inner join usuario u on p.per_id = u.per_id
                                    where u.usu_id = 1
                            and o.opc_padre_id = (select opc_id from opcion where opc_variable = 'tablas' and opn_id=1 and ope_id =1)
                                    and o.opn_id in(2)
                                    order by o.opc_orden
2021-05-18 16:15:55|admin|select opn_id as valor from opcion where opc_variable = 'tablas'
2021-05-18 16:15:55|admin|select o.*,p.pxo_nivel
                                    from opcion o
                                    inner join perfil_x_opcion p on p.opc_id = o.opc_id
                                    inner join usuario u on p.per_id = u.per_id
                                    where u.usu_id = 1
                            and o.opc_padre_id = (select opc_id from opcion where opc_variable = 'tablas' and opn_id=1 and ope_id =1)
                                    and o.opn_id in(2)
                                    order by o.opc_orden
2021-05-18 16:15:55|admin|select usu_fecha_ultimo_ingreso as valor from usuario where usu_id = 1
2021-05-18 16:15:55|admin|select pxo_nivel as valor from perfil_x_opcion p
					inner join opcion o on o.opc_id = p.opc_id
					inner join usuario u on p.per_id = u.per_id where u.usu_id = 1 and o.opc_variable = 'tablas'
2021-05-18 16:16:02|admin|select * from opcion
2021-05-18 16:16:02|admin|select usu_id as valor from usuario where usu_login = 'admin' and usu_clave = md5('admin')
2021-05-18 16:16:02|admin|select o.*,p.pxo_nivel
				from opcion o
				inner join perfil_x_opcion p on p.opc_id = o.opc_id
				inner join usuario u on p.per_id = u.per_id
				where u.usu_id = 1
				and o.opn_id in(0,1)
				order by o.opc_orden
2021-05-18 16:16:02|admin|select max(date_in) as valor from usuario_sec where usu_id = 1
2021-05-18 16:16:02|admin|select usu_nombre as valor from usuario where usu_id = 1
2021-05-18 16:16:02|admin|select usu_apellido as valor from usuario where usu_id = 1
2021-05-18 16:16:02|admin|select * from usuario_sec where usu_id= 1
2021-05-18 16:16:02|admin|select opn_id as valor from opcion where opc_variable = 'tablas'
2021-05-18 16:16:02|admin|select o.*,p.pxo_nivel
                                    from opcion o
                                    inner join perfil_x_opcion p on p.opc_id = o.opc_id
                                    inner join usuario u on p.per_id = u.per_id
                                    where u.usu_id = 1
                            and o.opc_padre_id = (select opc_id from opcion where opc_variable = 'tablas' and opn_id=1 and ope_id =1)
                                    and o.opn_id in(2)
                                    order by o.opc_orden
2021-05-18 16:16:02|admin|select opn_id as valor from opcion where opc_variable = 'tablas'
2021-05-18 16:16:02|admin|select o.*,p.pxo_nivel
                                    from opcion o
                                    inner join perfil_x_opcion p on p.opc_id = o.opc_id
                                    inner join usuario u on p.per_id = u.per_id
                                    where u.usu_id = 1
                            and o.opc_padre_id = (select opc_id from opcion where opc_variable = 'tablas' and opn_id=1 and ope_id =1)
                                    and o.opn_id in(2)
                                    order by o.opc_orden
2021-05-18 16:16:02|admin|select usu_fecha_ultimo_ingreso as valor from usuario where usu_id = 1
2021-05-18 16:16:02|admin|select pxo_nivel as valor from perfil_x_opcion p
					inner join opcion o on o.opc_id = p.opc_id
					inner join usuario u on p.per_id = u.per_id where u.usu_id = 1 and o.opc_variable = 'tablas'
2021-05-18 16:16:02|admin|show fields from documento_tipo
2021-05-18 16:16:02|admin|select dti_id,dti_nombre,dti_estado,dti_responsable from documento_tipo where 1
2021-05-18 16:16:11|admin|select * from opcion
2021-05-18 16:16:11|admin|select usu_id as valor from usuario where usu_login = 'admin' and usu_clave = md5('admin')
2021-05-18 16:16:11|admin|select o.*,p.pxo_nivel
				from opcion o
				inner join perfil_x_opcion p on p.opc_id = o.opc_id
				inner join usuario u on p.per_id = u.per_id
				where u.usu_id = 1
				and o.opn_id in(0,1)
				order by o.opc_orden
2021-05-18 16:16:11|admin|select max(date_in) as valor from usuario_sec where usu_id = 1
2021-05-18 16:16:11|admin|select usu_nombre as valor from usuario where usu_id = 1
2021-05-18 16:16:11|admin|select usu_apellido as valor from usuario where usu_id = 1
2021-05-18 16:16:11|admin|select * from usuario_sec where usu_id= 1
2021-05-18 16:16:11|admin|select opn_id as valor from opcion where opc_variable = 'tablas'
2021-05-18 16:16:11|admin|select o.*,p.pxo_nivel
                                    from opcion o
                                    inner join perfil_x_opcion p on p.opc_id = o.opc_id
                                    inner join usuario u on p.per_id = u.per_id
                                    where u.usu_id = 1
                            and o.opc_padre_id = (select opc_id from opcion where opc_variable = 'tablas' and opn_id=1 and ope_id =)
                                    and o.opn_id in(2)
                                    order by o.opc_orden|You have an error in your SQL syntax; check the manual that corresponds to your MariaDB server version for the right syntax to use near ')
                                    and o.opn_id in(2)
                  ...' at line 6
2021-05-18 16:16:11|admin|select opn_id as valor from opcion where opc_variable = 'tablas'
2021-05-18 16:16:11|admin|select o.*,p.pxo_nivel
                                    from opcion o
                                    inner join perfil_x_opcion p on p.opc_id = o.opc_id
                                    inner join usuario u on p.per_id = u.per_id
                                    where u.usu_id = 1
                            and o.opc_padre_id = (select opc_id from opcion where opc_variable = 'tablas' and opn_id=1 and ope_id =)
                                    and o.opn_id in(2)
                                    order by o.opc_orden|You have an error in your SQL syntax; check the manual that corresponds to your MariaDB server version for the right syntax to use near ')
                                    and o.opn_id in(2)
                  ...' at line 6
2021-05-18 16:16:11|admin|select usu_fecha_ultimo_ingreso as valor from usuario where usu_id = 1
2021-05-18 16:16:11|admin|select pxo_nivel as valor from perfil_x_opcion p
					inner join opcion o on o.opc_id = p.opc_id
					inner join usuario u on p.per_id = u.per_id where u.usu_id = 1 and o.opc_variable = 'tablas&task=edit'
2021-05-18 16:16:11|admin|show fields from documento_tipo
2021-05-18 16:16:11|admin|select dti_id,dti_nombre,dti_estado,dti_responsable from documento_tipo where dti_id = 1
2021-05-18 16:16:11|admin|select * from documento_tipo limit 0,1
2021-05-18 16:16:13|admin|select * from opcion
2021-05-18 16:16:13|admin|select usu_id as valor from usuario where usu_login = 'admin' and usu_clave = md5('admin')
2021-05-18 16:16:13|admin|select o.*,p.pxo_nivel
				from opcion o
				inner join perfil_x_opcion p on p.opc_id = o.opc_id
				inner join usuario u on p.per_id = u.per_id
				where u.usu_id = 1
				and o.opn_id in(0,1)
				order by o.opc_orden
2021-05-18 16:16:13|admin|select max(date_in) as valor from usuario_sec where usu_id = 1
2021-05-18 16:16:13|admin|select usu_nombre as valor from usuario where usu_id = 1
2021-05-18 16:16:13|admin|select usu_apellido as valor from usuario where usu_id = 1
2021-05-18 16:16:13|admin|select * from usuario_sec where usu_id= 1
2021-05-18 16:16:13|admin|select opn_id as valor from opcion where opc_variable = 'tablas'
2021-05-18 16:16:13|admin|select o.*,p.pxo_nivel
                                    from opcion o
                                    inner join perfil_x_opcion p on p.opc_id = o.opc_id
                                    inner join usuario u on p.per_id = u.per_id
                                    where u.usu_id = 1
                            and o.opc_padre_id = (select opc_id from opcion where opc_variable = 'tablas' and opn_id=1 and ope_id =)
                                    and o.opn_id in(2)
                                    order by o.opc_orden|You have an error in your SQL syntax; check the manual that corresponds to your MariaDB server version for the right syntax to use near ')
                                    and o.opn_id in(2)
                  ...' at line 6
2021-05-18 16:16:13|admin|select opn_id as valor from opcion where opc_variable = 'tablas'
2021-05-18 16:16:13|admin|select o.*,p.pxo_nivel
                                    from opcion o
                                    inner join perfil_x_opcion p on p.opc_id = o.opc_id
                                    inner join usuario u on p.per_id = u.per_id
                                    where u.usu_id = 1
                            and o.opc_padre_id = (select opc_id from opcion where opc_variable = 'tablas' and opn_id=1 and ope_id =)
                                    and o.opn_id in(2)
                                    order by o.opc_orden|You have an error in your SQL syntax; check the manual that corresponds to your MariaDB server version for the right syntax to use near ')
                                    and o.opn_id in(2)
                  ...' at line 6
2021-05-18 16:16:13|admin|select usu_fecha_ultimo_ingreso as valor from usuario where usu_id = 1
2021-05-18 16:16:13|admin|select pxo_nivel as valor from perfil_x_opcion p
					inner join opcion o on o.opc_id = p.opc_id
					inner join usuario u on p.per_id = u.per_id where u.usu_id = 1 and o.opc_variable = 'tablas&task=edit'
2021-05-18 16:16:13|admin|show fields from documento_tipo
2021-05-18 16:16:13|admin|select dti_id,dti_nombre,dti_estado,dti_responsable from documento_tipo where dti_id = 1
2021-05-18 16:16:13|admin|select * from documento_tipo limit 0,1
2021-05-18 16:16:28|admin|select * from opcion
2021-05-18 16:16:28|admin|select usu_id as valor from usuario where usu_login = 'admin' and usu_clave = md5('admin')
2021-05-18 16:16:28|admin|select o.*,p.pxo_nivel
				from opcion o
				inner join perfil_x_opcion p on p.opc_id = o.opc_id
				inner join usuario u on p.per_id = u.per_id
				where u.usu_id = 1
				and o.opn_id in(0,1)
				order by o.opc_orden
2021-05-18 16:16:28|admin|select max(date_in) as valor from usuario_sec where usu_id = 1
2021-05-18 16:16:28|admin|select usu_nombre as valor from usuario where usu_id = 1
2021-05-18 16:16:28|admin|select usu_apellido as valor from usuario where usu_id = 1
2021-05-18 16:16:28|admin|select * from usuario_sec where usu_id= 1
2021-05-18 16:16:28|admin|select opn_id as valor from opcion where opc_variable = 'tablas'
2021-05-18 16:16:28|admin|select o.*,p.pxo_nivel
                                    from opcion o
                                    inner join perfil_x_opcion p on p.opc_id = o.opc_id
                                    inner join usuario u on p.per_id = u.per_id
                                    where u.usu_id = 1
                            and o.opc_padre_id = (select opc_id from opcion where opc_variable = 'tablas' and opn_id=1 and ope_id =1)
                                    and o.opn_id in(2)
                                    order by o.opc_orden
2021-05-18 16:16:28|admin|select opn_id as valor from opcion where opc_variable = 'tablas'
2021-05-18 16:16:28|admin|select o.*,p.pxo_nivel
                                    from opcion o
                                    inner join perfil_x_opcion p on p.opc_id = o.opc_id
                                    inner join usuario u on p.per_id = u.per_id
                                    where u.usu_id = 1
                            and o.opc_padre_id = (select opc_id from opcion where opc_variable = 'tablas' and opn_id=1 and ope_id =1)
                                    and o.opn_id in(2)
                                    order by o.opc_orden
2021-05-18 16:16:28|admin|select usu_fecha_ultimo_ingreso as valor from usuario where usu_id = 1
2021-05-18 16:16:28|admin|select pxo_nivel as valor from perfil_x_opcion p
					inner join opcion o on o.opc_id = p.opc_id
					inner join usuario u on p.per_id = u.per_id where u.usu_id = 1 and o.opc_variable = 'tablas'
2021-05-18 16:16:35|admin|select * from opcion
2021-05-18 16:16:35|admin|select usu_id as valor from usuario where usu_login = 'admin' and usu_clave = md5('admin')
2021-05-18 16:16:35|admin|select o.*,p.pxo_nivel
				from opcion o
				inner join perfil_x_opcion p on p.opc_id = o.opc_id
				inner join usuario u on p.per_id = u.per_id
				where u.usu_id = 1
				and o.opn_id in(0,1)
				order by o.opc_orden
2021-05-18 16:16:35|admin|select max(date_in) as valor from usuario_sec where usu_id = 1
2021-05-18 16:16:35|admin|select usu_nombre as valor from usuario where usu_id = 1
2021-05-18 16:16:35|admin|select usu_apellido as valor from usuario where usu_id = 1
2021-05-18 16:16:35|admin|select * from usuario_sec where usu_id= 1
2021-05-18 16:16:35|admin|select opn_id as valor from opcion where opc_variable = 'tablas'
2021-05-18 16:16:35|admin|select o.*,p.pxo_nivel
                                    from opcion o
                                    inner join perfil_x_opcion p on p.opc_id = o.opc_id
                                    inner join usuario u on p.per_id = u.per_id
                                    where u.usu_id = 1
                            and o.opc_padre_id = (select opc_id from opcion where opc_variable = 'tablas' and opn_id=1 and ope_id =1)
                                    and o.opn_id in(2)
                                    order by o.opc_orden
2021-05-18 16:16:35|admin|select opn_id as valor from opcion where opc_variable = 'tablas'
2021-05-18 16:16:35|admin|select o.*,p.pxo_nivel
                                    from opcion o
                                    inner join perfil_x_opcion p on p.opc_id = o.opc_id
                                    inner join usuario u on p.per_id = u.per_id
                                    where u.usu_id = 1
                            and o.opc_padre_id = (select opc_id from opcion where opc_variable = 'tablas' and opn_id=1 and ope_id =1)
                                    and o.opn_id in(2)
                                    order by o.opc_orden
2021-05-18 16:16:35|admin|select usu_fecha_ultimo_ingreso as valor from usuario where usu_id = 1
2021-05-18 16:16:35|admin|select pxo_nivel as valor from perfil_x_opcion p
					inner join opcion o on o.opc_id = p.opc_id
					inner join usuario u on p.per_id = u.per_id where u.usu_id = 1 and o.opc_variable = 'tablas'
2021-05-18 16:16:35|admin|show fields from documento_tema
2021-05-18 16:16:35|admin|select dot_id,dot_nombre,documento_tipo.dti_nombre from documento_tema inner join documento_tipo on documento_tema.dti_id = documento_tipo.dti_id where 1
2021-05-18 16:16:41|admin|select * from opcion
2021-05-18 16:16:41|admin|select usu_id as valor from usuario where usu_login = 'admin' and usu_clave = md5('admin')
2021-05-18 16:16:41|admin|select o.*,p.pxo_nivel
				from opcion o
				inner join perfil_x_opcion p on p.opc_id = o.opc_id
				inner join usuario u on p.per_id = u.per_id
				where u.usu_id = 1
				and o.opn_id in(0,1)
				order by o.opc_orden
2021-05-18 16:16:41|admin|select max(date_in) as valor from usuario_sec where usu_id = 1
2021-05-18 16:16:41|admin|select usu_nombre as valor from usuario where usu_id = 1
2021-05-18 16:16:41|admin|select usu_apellido as valor from usuario where usu_id = 1
2021-05-18 16:16:41|admin|select * from usuario_sec where usu_id= 1
2021-05-18 16:16:41|admin|select opn_id as valor from opcion where opc_variable = 'tablas'
2021-05-18 16:16:41|admin|select o.*,p.pxo_nivel
                                    from opcion o
                                    inner join perfil_x_opcion p on p.opc_id = o.opc_id
                                    inner join usuario u on p.per_id = u.per_id
                                    where u.usu_id = 1
                            and o.opc_padre_id = (select opc_id from opcion where opc_variable = 'tablas' and opn_id=1 and ope_id =)
                                    and o.opn_id in(2)
                                    order by o.opc_orden|You have an error in your SQL syntax; check the manual that corresponds to your MariaDB server version for the right syntax to use near ')
                                    and o.opn_id in(2)
                  ...' at line 6
2021-05-18 16:16:41|admin|select opn_id as valor from opcion where opc_variable = 'tablas'
2021-05-18 16:16:41|admin|select o.*,p.pxo_nivel
                                    from opcion o
                                    inner join perfil_x_opcion p on p.opc_id = o.opc_id
                                    inner join usuario u on p.per_id = u.per_id
                                    where u.usu_id = 1
                            and o.opc_padre_id = (select opc_id from opcion where opc_variable = 'tablas' and opn_id=1 and ope_id =)
                                    and o.opn_id in(2)
                                    order by o.opc_orden|You have an error in your SQL syntax; check the manual that corresponds to your MariaDB server version for the right syntax to use near ')
                                    and o.opn_id in(2)
                  ...' at line 6
2021-05-18 16:16:41|admin|select usu_fecha_ultimo_ingreso as valor from usuario where usu_id = 1
2021-05-18 16:16:41|admin|select pxo_nivel as valor from perfil_x_opcion p
					inner join opcion o on o.opc_id = p.opc_id
					inner join usuario u on p.per_id = u.per_id where u.usu_id = 1 and o.opc_variable = 'tablas&task=edit'
2021-05-18 16:16:41|admin|show fields from documento_tema
2021-05-18 16:16:41|admin|select dot_id,dot_nombre,dti_id from documento_tema where dot_id = 17
2021-05-18 16:16:41|admin|select * from documento_tema limit 0,1
2021-05-18 16:16:41|admin| select dti_id,dti_nombre from documento_tipo
